<?xml version="1.0" encoding="UTF-8"?>
<!-- Generated by org.testng.reporters.JUnitXMLReporter -->
<testsuite hostname="DESKTOP-EGTVRB8" ignored="0" name="Test" tests="6" failures="1" timestamp="17 May 2020 09:51:11 GMT" time="0.106" errors="0">
  <testcase name="postJIRA" time="0.012" classname="QATestRahul.MavenJava.APITest"/>
  <testcase name="twitterAPI" time="0.0" classname="QATestRahul.MavenJava.APITest"/>
  <testcase name="browserAutomation" time="0.0" classname="QATestRahul.MavenJava.seleniumTest"/>
  <testcase name="elementsUiCheck" time="0.004" classname="QATestRahul.MavenJava.seleniumTest">
    <failure type="java.lang.AssertionError" message="expected [1] but found [0]">
      <![CDATA[java.lang.AssertionError: expected [1] but found [0]
at QATestRahul.MavenJava.seleniumTest.elementsUiCheck(seleniumTest.java:14)
... Removed 35 stack frames]]>
    </failure>
  </testcase> <!-- elementsUiCheck -->
  <testcase name="IOSapp" time="0.0" classname="QATestRahul.MavenJava.appiumTest"/>
  <testcase name="nativeApp" time="0.0" classname="QATestRahul.MavenJava.appiumTest"/>
</testsuite> <!-- Test -->
